<?xml version="1.0" encoding="UTF-8"?>
<testsuite xmlns:xsi="http://www.w3.org/2001/XMLSchema-instance" xsi:noNamespaceSchemaLocation="https://maven.apache.org/surefire/maven-surefire-plugin/xsd/surefire-test-report-3.0.xsd" version="3.0" name="com.pswied.zossen.ZossenApplicationTests" time="1.461" tests="4" errors="0" skipped="0" failures="0">
  <properties>
[...]
</properties>
  <testcase name="approveTransaction_withoutToken_shouldFailWith401" classname="com.pswied.zossen.ZossenApplicationTests" time="0.37">
    <system-out><![CDATA[15:56:40.229 [main] INFO org.springframework.test.context.support.AnnotationConfigContextLoaderUtils -- Could not detect default configuration classes for test class [com.pswied.zossen.ZossenApplicationTests]: ZossenApplicationTests does not declare any static, non-private, non-final, nested classes annotated with @Configuration.
15:56:40.272 [main] INFO org.springframework.boot.test.context.SpringBootTestContextBootstrapper -- Found @SpringBootConfiguration com.pswied.zossen.Application for test class com.pswied.zossen.ZossenApplicationTests

  .   ____          _            __ _ _
 /\\ / ___'_ __ _ _(_)_ __  __ _ \ \ \ \
( ( )\___ | '_ | '_| | '_ \/ _` | \ \ \ \
 \\/  ___)| |_)| | | | | || (_| |  ) ) ) )
  '  |____| .__|_| |_|_| |_\__, | / / / /
 =========|_|==============|___/=/_/_/_/
 :: Spring Boot ::                (v3.2.2)

2025-12-31T15:56:40.432+07:00  INFO 90820 --- [zossen] [           main] c.pswied.zossen.ZossenApplicationTests   : Starting ZossenApplicationTests using Java 17.0.16 with PID 90820 (started by slametwidodo in /Users/slametwidodo/IdeaProjects/zossen)
2025-12-31T15:56:40.432+07:00  INFO 90820 --- [zossen] [           main] c.pswied.zossen.ZossenApplicationTests   : No active profile set, falling back to 1 default profile: "default"
2025-12-31T15:56:40.874+07:00  INFO 90820 --- [zossen] [           main] o.s.s.web.DefaultSecurityFilterChain     : Will secure any request with [org.springframework.security.web.session.DisableEncodeUrlFilter@1ec22831, org.springframework.security.web.context.request.async.WebAsyncManagerIntegrationFilter@63f855b, org.springframework.security.web.context.SecurityContextHolderFilter@4ed5a1b0, org.springframework.security.web.header.HeaderWriterFilter@5ad1904f, org.springframework.web.filter.CorsFilter@516592b1, org.springframework.security.web.authentication.logout.LogoutFilter@1290ed28, org.springframework.security.oauth2.server.resource.web.authentication.BearerTokenAuthenticationFilter@321ca237, org.springframework.security.web.savedrequest.RequestCacheAwareFilter@3135bf25, org.springframework.security.web.servletapi.SecurityContextHolderAwareRequestFilter@22ad1bae, org.springframework.security.web.authentication.AnonymousAuthenticationFilter@4cffcc61, org.springframework.security.web.access.ExceptionTranslationFilter@3fa7df1, org.springframework.security.web.access.intercept.AuthorizationFilter@c889805]
2025-12-31T15:56:40.960+07:00  INFO 90820 --- [zossen] [           main] o.s.b.t.m.w.SpringBootMockServletContext : Initializing Spring TestDispatcherServlet ''
2025-12-31T15:56:40.961+07:00  INFO 90820 --- [zossen] [           main] o.s.t.web.servlet.TestDispatcherServlet  : Initializing Servlet ''
2025-12-31T15:56:40.961+07:00  INFO 90820 --- [zossen] [           main] o.s.t.web.servlet.TestDispatcherServlet  : Completed initialization in 0 ms
2025-12-31T15:56:40.970+07:00  INFO 90820 --- [zossen] [           main] c.pswied.zossen.ZossenApplicationTests   : Started ZossenApplicationTests in 0.65 seconds (process running for 0.998)
]]></system-out>
  </testcase>
  <testcase name="approveTransaction_withAdminRole_shouldSucceed" classname="com.pswied.zossen.ZossenApplicationTests" time="0.16">
    <system-out><![CDATA[2025-12-31T15:56:41.393+07:00  INFO 90820 --- [zossen] [           main] c.p.z.b.service.ApprovalService          : Business validation started for transaction: TX-SUCCESS-ADMIN
2025-12-31T15:56:41.394+07:00  INFO 90820 --- [zossen] [           main] AUDIT_LOG                                : AUDIT_EVENT | id=7924ca2d-b1ba-44ad-b804-689077178eba | time=2025-12-31T08:56:41.394658Z | actor=admin | action=ATTEMPT_APPROVAL | resource=TX-SUCCESS-ADMIN | result=PENDING | reason=Policy checks passed
2025-12-31T15:56:41.394+07:00  INFO 90820 --- [zossen] [           main] c.p.z.z.t.SecureTransactionService       : Executing secure approval for transaction: TX-SUCCESS-ADMIN
2025-12-31T15:56:41.498+07:00  INFO 90820 --- [zossen] [           main] AUDIT_LOG                                : AUDIT_EVENT | id=719e15c5-b6a9-44da-95e1-05d4b1155a89 | time=2025-12-31T08:56:41.498569Z | actor=admin | action=EXECUTE_APPROVAL | resource=TX-SUCCESS-ADMIN | result=SUCCESS | reason=Transaction finalized in core
2025-12-31T15:56:41.498+07:00  INFO 90820 --- [zossen] [           main] c.p.z.b.service.ApprovalService          : Business validation completed for transaction: TX-SUCCESS-ADMIN
]]></system-out>
  </testcase>
  <testcase name="approveTransaction_withSupervisorRole_shouldSucceed" classname="com.pswied.zossen.ZossenApplicationTests" time="0.109">
    <system-out><![CDATA[2025-12-31T15:56:41.509+07:00  INFO 90820 --- [zossen] [           main] c.p.z.b.service.ApprovalService          : Business validation started for transaction: TX-SUCCESS-SUPERVISOR
2025-12-31T15:56:41.509+07:00  INFO 90820 --- [zossen] [           main] AUDIT_LOG                                : AUDIT_EVENT | id=1ad86771-dcc2-4ab7-a1d7-7f09f62179ea | time=2025-12-31T08:56:41.509575Z | actor=supervisor | action=ATTEMPT_APPROVAL | resource=TX-SUCCESS-SUPERVISOR | result=PENDING | reason=Policy checks passed
2025-12-31T15:56:41.509+07:00  INFO 90820 --- [zossen] [           main] c.p.z.z.t.SecureTransactionService       : Executing secure approval for transaction: TX-SUCCESS-SUPERVISOR
2025-12-31T15:56:41.614+07:00  INFO 90820 --- [zossen] [           main] AUDIT_LOG                                : AUDIT_EVENT | id=13442380-f2d0-4136-873e-7c2df8c8ac4b | time=2025-12-31T08:56:41.614774Z | actor=supervisor | action=EXECUTE_APPROVAL | resource=TX-SUCCESS-SUPERVISOR | result=SUCCESS | reason=Transaction finalized in core
2025-12-31T15:56:41.614+07:00  INFO 90820 --- [zossen] [           main] c.p.z.b.service.ApprovalService          : Business validation completed for transaction: TX-SUCCESS-SUPERVISOR
]]></system-out>
  </testcase>
  <testcase name="approveTransaction_withUserRole_shouldFailWith403" classname="com.pswied.zossen.ZossenApplicationTests" time="0.005">
    <system-out><![CDATA[2025-12-31T15:56:41.619+07:00  INFO 90820 --- [zossen] [           main] c.p.z.b.service.ApprovalService          : Business validation started for transaction: TX-FAIL
2025-12-31T15:56:41.620+07:00  WARN 90820 --- [zossen] [           main] AUDIT_LOG                                : SECURITY_EVENT | id=9118fa8a-39e3-48f8-8737-fe7a6b675213 | time=2025-12-31T08:56:41.620335Z | actor=user | type=RBAC_DENIED | details=User with roles [ROLE_USER] attempted approval.
]]></system-out>
  </testcase>
</testsuite>